<?xml version="1.0" encoding="UTF-8"?>
<!-- Generated by org.testng.reporters.JUnitReportReporter -->
<testsuite skipped="0" hostname="DESKTOP-5VLA4OH" name="eply.com.tests.LoginTest" tests="3" failures="0" timestamp="27 Nov 2017 16:52:50 GMT" time="30.578" errors="0">
  <testcase name="loginFailed1" time="13.468" classname="eply.com.tests.LoginTest"/>
  <testcase name="loginFailed2" time="8.545" classname="eply.com.tests.LoginTest"/>
  <testcase name="loginSucceed" time="8.565" classname="eply.com.tests.LoginTest"/>
</testsuite> <!-- eply.com.tests.LoginTest -->
