<?xml version="1.0" encoding="UTF-8"?>
<!-- Generated by org.testng.reporters.JUnitReportReporter -->
<testsuite skipped="0" hostname="DESKTOP-5VLA4OH" name="eply.com.tests.AccountTest" tests="5" failures="0" timestamp="29 Nov 2017 08:39:31 GMT" time="79.625" errors="0">
  <testcase name="MyAccountSettingsTest2" time="13.912" classname="eply.com.tests.AccountTest"/>
  <testcase name="MyInfoTest2" time="16.589" classname="eply.com.tests.AccountTest"/>
  <testcase name="MyInfoTestBadEmail" time="7.564" classname="eply.com.tests.AccountTest"/>
  <testcase name="MyAccountSettingsTest1" time="19.422" classname="eply.com.tests.AccountTest"/>
  <testcase name="MyInfoTest1" time="22.138" classname="eply.com.tests.AccountTest"/>
</testsuite> <!-- eply.com.tests.AccountTest -->
