<?xml version="1.0" encoding="UTF-8"?>
<!-- Generated by org.testng.reporters.JUnitReportReporter -->
<testsuite hostname="Gal" name="com.eply.tests.AccountTest" tests="2" failures="0" timestamp="26 Nov 2017 18:07:35 GMT" time="17.523" errors="0">
  <testcase name="testAccount1" time="4.961" classname="com.eply.tests.AccountTest"/>
  <testcase name="testAccount" time="12.562" classname="com.eply.tests.AccountTest"/>
</testsuite> <!-- com.eply.tests.AccountTest -->
