<?xml version="1.0" encoding="UTF-8"?>
<!-- Generated by org.testng.reporters.JUnitReportReporter -->
<testsuite hostname="Gal" name="com.eply.tests.LoginTest" tests="2" failures="0" timestamp="26 Nov 2017 16:47:20 GMT" time="0.045" errors="0">
  <testcase name="loginFailed" time="0.040" classname="com.eply.tests.LoginTest"/>
  <testcase name="loginSucceed" time="0.005" classname="com.eply.tests.LoginTest"/>
</testsuite> <!-- com.eply.tests.LoginTest -->
